🚀 Restoring: wendy-pro.local -> wolf-air.local
For these folders: Desktop Documents Downloads Movies Music Pictures Public Library/Accounts Library/Mail Library/Containers/com.apple.mail Library/Preferences/com.apple.mail.plist
🔄 Copying Desktop to LOANER...
Running command: rsync -avh --dry-run --progress --exclude stuff "/Users/wendy/Desktop" wolf-air.local:/Users/wendy/
🔄 Copying Documents to LOANER...
Running command: rsync -avh --dry-run --progress --exclude stuff "/Users/wendy/Documents" wolf-air.local:/Users/wendy/
🔄 Copying Downloads to LOANER...
Running command: rsync -avh --dry-run --progress --exclude stuff "/Users/wendy/Downloads" wolf-air.local:/Users/wendy/
🔄 Copying Movies to LOANER...
Running command: rsync -avh --dry-run --progress --exclude stuff "/Users/wendy/Movies" wolf-air.local:/Users/wendy/
🔄 Copying Music to LOANER...
Running command: rsync -avh --dry-run --progress --exclude stuff "/Users/wendy/Music" wolf-air.local:/Users/wendy/
🔄 Copying Pictures to LOANER...
Running command: rsync -avh --dry-run --progress --exclude stuff "/Users/wendy/Pictures" wolf-air.local:/Users/wendy/
🔄 Copying Public to LOANER...
Running command: rsync -avh --dry-run --progress --exclude stuff "/Users/wendy/Public" wolf-air.local:/Users/wendy/
🔄 Copying Library/Accounts to LOANER...
Running command: rsync -avh --dry-run --progress --exclude stuff "/Users/wendy/Library/Accounts" wolf-air.local:/Users/wendy/
🔄 Copying Library/Mail to LOANER...
Running command: rsync -avh --dry-run --progress --exclude stuff "/Users/wendy/Library/Mail" wolf-air.local:/Users/wendy/
🔄 Copying Library/Containers/com.apple.mail to LOANER...
Running command: rsync -avh --dry-run --progress --exclude stuff "/Users/wendy/Library/Containers/com.apple.mail" wolf-air.local:/Users/wendy/
🔄 Copying Library/Preferences/com.apple.mail.plist to LOANER...
Skipping non-existant directory: '/Users/wendy/Library/Preferences/com.apple.mail.plist'
✅ Restore completed. Log saved to: /Users/wendy/repos/SOHO/wolf-air/bin/../logs/20250331T15:30:24{BINARY_NAME}.log
